
ROM used: 1634 (20%)
          1634 (20%) including unused fragments

          3 Average locations per line
          12 Average locations per statement

RAM used: 16 (4%) at main() level
          32 (9%) worst case

Stack used: 5 worst case (out of 8 total available)

Lines Stmts  %   Files
----- ----- ---  -----
  120    70  49  CONTROLE.c
  312     0   0  ..\..\..\..\..\Program Files\PICC\devices\16f877A.h
  165    72  51  ..\..\..\..\..\Program Files\PICC\drivers\mod_lcd.c
----- -----
  597   142 Total

Page ROM  %  RAM   Vol Diff  Functions:
---- --- --- ---   --- ----  ----------
0     14   1   1             @delay_ms1
0      8   0   0             @const57
0     39   2   1   260  1.9  lcd_envia_nibble
0     33   2   3   176  2.7  lcd_envia_byte
0     61   4   2   433  4.3  lcd_ini
0     18   1   4   186  5.5  lcd_pos_xy
0     40   2   1   290  4.1  lcd_escreve
0     14   1   1             @delay_ms2
0    677  41   4  2444  6.8  MAIN
0     29   2   2             @ITOF
0    202  12  14             @DIVFF
0     31   2   4             @SFTOI
0    321  20  16             @ADDFF
0     21   1   3             @DIV88
0     34   2   0             @const103
0     53   3   2             @PRINTF_U_72
0     35   2   0             @const108

Program metrics:
    Functions               6
    Statements              142
    Comments                186
    Volume (V)              5010
    Difficilty (D)          24.4
    Effort to implement (E) 122347
    Time to implement (T)   1 hours, 53 minutes
    Est Delivered Bugs (B)  1
    Cyclomatic Complexity   10
    Maintainability (MI)    120

 Segment     Used  Free
-----------  ----  ----
00000-00003     4  0  
00004-007FF  1630  414  
00800-00FFF     0  2048  
01000-017FF     0  2048  
01800-01FFF     0  2048  



