
ROM used: 619 (8%)
          619 (8%) including unused fragments

          1 Average locations per line
          5 Average locations per statement

RAM used: 12 (3%) at main() level
          30 (8%) worst case

Stack used: 5 worst case (out of 8 total available)

Lines Stmts  %   Files
----- ----- ---  -----
   97    43  37  mpc-01.c
  312     0   0  ..\..\..\..\..\..\Program Files\PICC\devices\16f877A.h
  165    72  63  ..\..\..\..\..\..\Program Files\PICC\drivers\mod_lcd.c
----- -----
  574   115 Total

Page ROM  %  RAM   Vol Diff  Functions:
---- --- --- ---   --- ----  ----------
0     14   2   1             @delay_ms1
0      8   1   0             @const57
0     39   6   1   260  1.9  lcd_envia_nibble
0     33   5   3   176  2.7  lcd_envia_byte
0     61  10   2   433  4.3  lcd_ini
0     18   3   4   186  5.5  lcd_pos_xy
0     40   6   1   290  4.1  lcd_escreve
0     14   2   1             @delay_ms2
0    262  42   1  1276  6.8  MAIN
0     27   4   0             @const87
0     99  16   9             @PRINTF_LU_72

Program metrics:
    Functions               6
    Statements              115
    Comments                130
    Volume (V)              3682
    Difficilty (D)          24.6
    Effort to implement (E) 90482
    Time to implement (T)   1 hours, 24 minutes
    Est Delivered Bugs (B)  1
    Cyclomatic Complexity   15
    Maintainability (MI)    129

 Segment     Used  Free
-----------  ----  ----
00000-00003     4  0  
00004-007FF   615  1429  
00800-00FFF     0  2048  
01000-017FF     0  2048  
01800-01FFF     0  2048  



