
ROM used: 278 (3%)
          278 (3%) including unused fragments

          1 Average locations per line
          4 Average locations per statement

RAM used: 7 (2%) at main() level
          16 (4%) worst case

Stack used: 4 worst case (out of 8 total available)

Lines Stmts  %   Files
----- ----- ---  -----
   17     7   9  pic.c
  312     0   0  ..\..\..\..\..\..\..\Program Files\PICC\devices\16f877a.h
  165    72  91  ..\..\..\..\..\..\..\Program Files\PICC\drivers\mod_lcd.c
----- -----
  494    79 Total

Page ROM  %  RAM   Vol Diff  Functions:
---- --- --- ---   --- ----  ----------
0     14   5   1             @delay_ms2
0      8   3   0             @const61
0     39  14   1   260  1.9  lcd_envia_nibble
0     33  12   3   176  2.7  lcd_envia_byte
0     61  22   2   433  4.3  lcd_ini
0     18   6   4   186  5.5  lcd_pos_xy
0     40  14   1   290  4.1  lcd_escreve
0     41  15   1   125  2.0  MAIN
0     20   7   0             @const84

Program metrics:
    Functions               6
    Statements              79
    Comments                123
    Volume (V)              2213
    Difficilty (D)          19.9
    Effort to implement (E) 44041
    Time to implement (T)   41 minutes
    Est Delivered Bugs (B)  0
    Cyclomatic Complexity   8
    Maintainability (MI)    132

 Segment     Used  Free
-----------  ----  ----
00000-00003     4  0  
00004-007FF   274  1770  
00800-00FFF     0  2048  
01000-017FF     0  2048  
01800-01FFF     0  2048  



