
ROM used: 2172 (27%)
          2912 (36%) including unused fragments

          4 Average locations per line
          18 Average locations per statement

RAM used: 30 (8%) at main() level
          55 (15%) worst case

Stack used: 5 worst case (out of 8 total available)

Lines Stmts  %   Files
----- ----- ---  -----
   96    49  40  cc_FINAL_V3.c
  312     0   0  ..\..\..\..\..\..\Program Files\PICC\devices\16f877A.h
  165    72  60  ..\..\..\..\..\..\Program Files\PICC\drivers\mod_lcd.c
----- -----
  573   121 Total

Page ROM  %  RAM   Vol Diff  Functions:
---- --- --- ---   --- ----  ----------
0     14   1   1             @delay_ms1
0      8   0   0             @const57
0     39   2   1   260  1.9  lcd_envia_nibble
0     33   2   3   176  2.7  lcd_envia_byte
0     61   3   2   433  4.3  lcd_ini
0     18   1   4   186  5.5  lcd_pos_xy
0     40   2   1   290  4.1  lcd_escreve
0     14   1   1             @delay_ms2
1    864  40   4  1815  5.8  MAIN
0     29   1   2             @ITOF
0    117   5  13             @MULFF
0    202   9  14             @DIVFF
0     65   3  10             @FLT
0    321  15  16             @ADDFF
0     46   2   0             @const103
 Inline        5             @FTOSD
0     66   3  13             @DIV3232
0    231  11  13             @PRINTF_L32D_72FPFPF

Program metrics:
    Functions               6
    Statements              121
    Comments                147
    Volume (V)              4314
    Difficilty (D)          23.1
    Effort to implement (E) 99859
    Time to implement (T)   1 hours, 32 minutes
    Est Delivered Bugs (B)  1
    Cyclomatic Complexity   9
    Maintainability (MI)    137

 Segment     Used  Free
-----------  ----  ----
00000-00003     4  0  
00004-007FF  1304  740  
00800-00FFF   864  1184  
01000-017FF     0  2048  
01800-01FFF     0  2048  



